<?xml version="1.0" encoding="UTF-8"?>
<!-- Generated by org.testng.reporters.JUnitReportReporter -->
<testsuite hostname="caglas-MBP.home" failures="0" tests="1" name="dolap.TestFavoriSil" time="2836.517" errors="0" timestamp="2022-04-05T21:48:36 TRT" skipped="0">
  <testcase classname="dolap.TestFavoriSil" name="testBasicNoTitle" time="2836.517"/>
  <system-out/>
</testsuite> <!-- dolap.TestFavoriSil -->
