<?xml version="1.0" encoding="UTF-8"?>
<!-- Generated by org.testng.reporters.JUnitReportReporter -->
<testsuite hostname="caglas-MBP.home" failures="0" tests="1" name="dolap.TestDolap" time="77.367" errors="0" timestamp="2022-05-08T21:57:12 TRT" skipped="0">
  <testcase classname="dolap.TestDolap" name="testBasicNoTitle" time="77.367"/>
  <system-out/>
</testsuite> <!-- dolap.TestDolap -->
