<?xml version="1.0" encoding="UTF-8"?>
<!-- Generated by org.testng.reporters.JUnitReportReporter -->
<testsuite hostname="caglas-MBP.home" failures="0" tests="1" name="dolap.TestCokutanFavoriSil" time="325.720" errors="1" timestamp="2022-05-02T19:25:00 TRT" skipped="0">
  <testcase classname="dolap.TestCokutanFavoriSil" name="testBasicNoTitle" time="325.720">
    <error message="An unknown server-side error occurred while processing the command. Original error: The swipe did not complete successfully
Build info: version: &#039;4.1.2&#039;, revision: &#039;9a5a329c5a&#039;
System info: host: &#039;caglas-MBP.home&#039;, ip: &#039;fe80:0:0:0:1485:21b0:669b:32b6%en0&#039;, os.name: &#039;Mac OS X&#039;, os.arch: &#039;x86_64&#039;, os.version: &#039;12.3.1&#039;, java.version: &#039;17&#039;
Driver info: io.appium.java_client.android.AndroidDriver
Command: [b83059a5-665f-47cc-9b4e-bdb063bd19e5, performTouchAction {actions=[{action=press, options={x=540, y=960}}, {action=wait, options={ms=1000}}, {action=moveTo, options={x=540, y=192}}, {action=release, options={}}]}]
Capabilities {appium:appActivity: com.dolap.android.init.ui.S..., appium:appPackage: com.dolap.android, appium:automationName: UiAutomator1, appium:databaseEnabled: false, appium:desired: {appActivity: com.dolap.android.init.ui.S..., appPackage: com.dolap.android, automationName: UiAutomator1, browserName: , deviceId: 192.168.1.30:5555, deviceName: S7, fullReset: false, noReset: true, platformName: android, platformVersion: 8.0}, appium:deviceId: 192.168.1.30:5555, appium:deviceManufacturer: samsung, appium:deviceModel: SM-G930F, appium:deviceName: 192.168.1.30:5555, appium:deviceScreenSize: 1440x2560, appium:deviceUDID: 192.168.1.30:5555, appium:fullReset: false, appium:javascriptEnabled: true, appium:locationContextEnabled: false, appium:networkConnectionEnabled: true, appium:noReset: true, appium:platformVersion: 8.0.0, appium:takesScreenshot: true, appium:warnings: {}, appium:webStorageEnabled: false, platformName: android}
Session ID: b83059a5-665f-47cc-9b4e-bdb063bd19e5" type="org.openqa.selenium.WebDriverException">
      <![CDATA[org.openqa.selenium.WebDriverException: An unknown server-side error occurred while processing the command. Original error: The swipe did not complete successfully
Build info: version: '4.1.2', revision: '9a5a329c5a'
System info: host: 'caglas-MBP.home', ip: 'fe80:0:0:0:1485:21b0:669b:32b6%en0', os.name: 'Mac OS X', os.arch: 'x86_64', os.version: '12.3.1', java.version: '17'
Driver info: io.appium.java_client.android.AndroidDriver
Command: [b83059a5-665f-47cc-9b4e-bdb063bd19e5, performTouchAction {actions=[{action=press, options={x=540, y=960}}, {action=wait, options={ms=1000}}, {action=moveTo, options={x=540, y=192}}, {action=release, options={}}]}]
Capabilities {appium:appActivity: com.dolap.android.init.ui.S..., appium:appPackage: com.dolap.android, appium:automationName: UiAutomator1, appium:databaseEnabled: false, appium:desired: {appActivity: com.dolap.android.init.ui.S..., appPackage: com.dolap.android, automationName: UiAutomator1, browserName: , deviceId: 192.168.1.30:5555, deviceName: S7, fullReset: false, noReset: true, platformName: android, platformVersion: 8.0}, appium:deviceId: 192.168.1.30:5555, appium:deviceManufacturer: samsung, appium:deviceModel: SM-G930F, appium:deviceName: 192.168.1.30:5555, appium:deviceScreenSize: 1440x2560, appium:deviceUDID: 192.168.1.30:5555, appium:fullReset: false, appium:javascriptEnabled: true, appium:locationContextEnabled: false, appium:networkConnectionEnabled: true, appium:noReset: true, appium:platformVersion: 8.0.0, appium:takesScreenshot: true, appium:warnings: {}, appium:webStorageEnabled: false, platformName: android}
Session ID: b83059a5-665f-47cc-9b4e-bdb063bd19e5
at java.base/jdk.internal.reflect.NativeConstructorAccessorImpl.newInstance0(Native Method)
at java.base/jdk.internal.reflect.NativeConstructorAccessorImpl.newInstance(NativeConstructorAccessorImpl.java:77)
at java.base/jdk.internal.reflect.DelegatingConstructorAccessorImpl.newInstance(DelegatingConstructorAccessorImpl.java:45)
at java.base/java.lang.reflect.Constructor.newInstanceWithCaller(Constructor.java:499)
at java.base/java.lang.reflect.Constructor.newInstance(Constructor.java:480)
at org.openqa.selenium.remote.codec.w3c.W3CHttpResponseCodec.createException(W3CHttpResponseCodec.java:200)
at org.openqa.selenium.remote.codec.w3c.W3CHttpResponseCodec.decode(W3CHttpResponseCodec.java:133)
at org.openqa.selenium.remote.codec.w3c.W3CHttpResponseCodec.decode(W3CHttpResponseCodec.java:53)
at org.openqa.selenium.remote.HttpCommandExecutor.execute(HttpCommandExecutor.java:184)
at io.appium.java_client.remote.AppiumCommandExecutor.execute(AppiumCommandExecutor.java:180)
at org.openqa.selenium.remote.RemoteWebDriver.execute(RemoteWebDriver.java:558)
at org.openqa.selenium.remote.RemoteWebDriver.execute(RemoteWebDriver.java:613)
at io.appium.java_client.AppiumDriver.execute(AppiumDriver.java:263)
at io.appium.java_client.PerformsTouchActions.performTouchAction(PerformsTouchActions.java:54)
at io.appium.java_client.TouchAction.perform(TouchAction.java:197)
at dolap.TestCokutanFavoriSil.swipeVertical(TestCokutanFavoriSil.java:221)
at dolap.TestCokutanFavoriSil.findCommentBar(TestCokutanFavoriSil.java:150)
at dolap.TestCokutanFavoriSil.cleanupProduct(TestCokutanFavoriSil.java:132)
at dolap.TestCokutanFavoriSil.handleTwoListings(TestCokutanFavoriSil.java:108)
at dolap.TestCokutanFavoriSil.doProductCleanupJobs(TestCokutanFavoriSil.java:92)
at dolap.TestCokutanFavoriSil.testBasicNoTitle(TestCokutanFavoriSil.java:85)
at java.base/jdk.internal.reflect.NativeMethodAccessorImpl.invoke0(Native Method)
at java.base/jdk.internal.reflect.NativeMethodAccessorImpl.invoke(NativeMethodAccessorImpl.java:77)
at java.base/jdk.internal.reflect.DelegatingMethodAccessorImpl.invoke(DelegatingMethodAccessorImpl.java:43)
at java.base/java.lang.reflect.Method.invoke(Method.java:568)
at org.testng.internal.MethodInvocationHelper.invokeMethod(MethodInvocationHelper.java:133)
at org.testng.internal.TestInvoker.invokeMethod(TestInvoker.java:598)
at org.testng.internal.TestInvoker.invokeTestMethod(TestInvoker.java:173)
at org.testng.internal.MethodRunner.runInSequence(MethodRunner.java:46)
at org.testng.internal.TestInvoker$MethodInvocationAgent.invoke(TestInvoker.java:824)
at org.testng.internal.TestInvoker.invokeTestMethods(TestInvoker.java:146)
at org.testng.internal.TestMethodWorker.invokeTestMethods(TestMethodWorker.java:146)
at org.testng.internal.TestMethodWorker.run(TestMethodWorker.java:128)
at java.base/java.util.ArrayList.forEach(ArrayList.java:1511)
at org.testng.TestRunner.privateRun(TestRunner.java:794)
at org.testng.TestRunner.run(TestRunner.java:596)
at org.testng.SuiteRunner.runTest(SuiteRunner.java:377)
at org.testng.SuiteRunner.runSequentially(SuiteRunner.java:371)
at org.testng.SuiteRunner.privateRun(SuiteRunner.java:332)
at org.testng.SuiteRunner.run(SuiteRunner.java:276)
at org.testng.SuiteRunnerWorker.runSuite(SuiteRunnerWorker.java:53)
at org.testng.SuiteRunnerWorker.run(SuiteRunnerWorker.java:96)
at org.testng.TestNG.runSuitesSequentially(TestNG.java:1212)
at org.testng.TestNG.runSuitesLocally(TestNG.java:1134)
at org.testng.TestNG.runSuites(TestNG.java:1063)
at org.testng.TestNG.run(TestNG.java:1031)
at org.testng.remote.AbstractRemoteTestNG.run(AbstractRemoteTestNG.java:115)
at org.testng.remote.RemoteTestNG.initAndRun(RemoteTestNG.java:251)
at org.testng.remote.RemoteTestNG.main(RemoteTestNG.java:77)
]]>
    </error>
  </testcase> <!-- testBasicNoTitle -->
  <system-out/>
</testsuite> <!-- dolap.TestCokutanFavoriSil -->
