<?xml version="1.0" encoding="UTF-8"?>
<!-- Generated by org.testng.reporters.JUnitReportReporter -->
<testsuite hostname="caglas-MBP.home" failures="0" tests="1" name="dolap.TestFavoriSil" time="3537.205" errors="0" timestamp="2022-05-02T21:07:22 TRT" skipped="0">
  <testcase classname="dolap.TestFavoriSil" name="testBasicNoTitle" time="3537.205"/>
  <system-out/>
</testsuite> <!-- dolap.TestFavoriSil -->
