<?xml version="1.0" encoding="UTF-8"?>
<!-- Generated by org.testng.reporters.JUnitReportReporter -->
<testsuite hostname="caglas-MBP.home" failures="0" tests="1" name="dolap.TestFavoriSil" time="732.976" errors="0" timestamp="2021-12-16T22:40:07 TRT" skipped="0">
  <testcase classname="dolap.TestFavoriSil" name="testBasicNoTitle" time="732.976"/>
  <system-out/>
</testsuite> <!-- dolap.TestFavoriSil -->
