<?xml version="1.0" encoding="UTF-8"?>
<!-- Generated by org.testng.reporters.JUnitReportReporter -->
<testsuite hostname="caglas-MBP.home" failures="0" tests="1" name="dolap.TestDolap" time="323.505" errors="1" timestamp="2021-11-12T14:02:13 TRT" skipped="0">
  <testcase classname="dolap.TestDolap" name="testBasicNoTitle" time="323.505">
    <error message="Expected condition failed: waiting for visibility of [[io.appium.java_client.android.AndroidDriver, Capabilities: {appActivity=com.dolap.android.init.ui.SplashActivity, appPackage=com.dolap.android, automationName=UiAutomator1, browserName=, databaseEnabled=false, desired={browserName=, platformName=android, deviceId=192.168.1.21:5555, appActivity=com.dolap.android.init.ui.SplashActivity, appPackage=com.dolap.android, automationName=UiAutomator1, deviceName=S7, fullReset=false, noReset=true, platformVersion=8.0}, deviceId=192.168.1.21:5555, deviceManufacturer=samsung, deviceModel=SM-G930F, deviceName=192.168.1.21:5555, deviceScreenSize=1440x2560, deviceUDID=192.168.1.21:5555, fullReset=false, javascriptEnabled=true, locationContextEnabled=false, networkConnectionEnabled=true, noReset=true, platform=LINUX, platformName=ANDROID, platformVersion=8.0.0, takesScreenshot=true, warnings={}, webStorageEnabled=false}] -&gt; id: com.dolap.android:id/textViewSearchBar] (tried for 20 second(s) with 500 milliseconds interval)
Build info: version: &#039;3.141.59&#039;, revision: &#039;e82be7d358&#039;, time: &#039;2018-11-14T08:17:03&#039;
System info: host: &#039;caglas-MBP.home&#039;, ip: &#039;fe80:0:0:0:186d:8406:9d4:6de1%en0&#039;, os.name: &#039;Mac OS X&#039;, os.arch: &#039;x86_64&#039;, os.version: &#039;11.6&#039;, java.version: &#039;17&#039;
Driver info: io.appium.java_client.android.AndroidDriver
Capabilities {appActivity: com.dolap.android.init.ui.S..., appPackage: com.dolap.android, automationName: UiAutomator1, browserName: , databaseEnabled: false, desired: {appActivity: com.dolap.android.init.ui.S..., appPackage: com.dolap.android, automationName: UiAutomator1, browserName: , deviceId: 192.168.1.21:5555, deviceName: S7, fullReset: false, noReset: true, platformName: android, platformVersion: 8.0}, deviceId: 192.168.1.21:5555, deviceManufacturer: samsung, deviceModel: SM-G930F, deviceName: 192.168.1.21:5555, deviceScreenSize: 1440x2560, deviceUDID: 192.168.1.21:5555, fullReset: false, javascriptEnabled: true, locationContextEnabled: false, networkConnectionEnabled: true, noReset: true, platform: LINUX, platformName: ANDROID, platformVersion: 8.0.0, takesScreenshot: true, warnings: {}, webStorageEnabled: false}
Session ID: e7ce7a45-ae30-4e78-8dff-753a49c00299" type="org.openqa.selenium.TimeoutException">
      <![CDATA[org.openqa.selenium.TimeoutException: Expected condition failed: waiting for visibility of [[io.appium.java_client.android.AndroidDriver, Capabilities: {appActivity=com.dolap.android.init.ui.SplashActivity, appPackage=com.dolap.android, automationName=UiAutomator1, browserName=, databaseEnabled=false, desired={browserName=, platformName=android, deviceId=192.168.1.21:5555, appActivity=com.dolap.android.init.ui.SplashActivity, appPackage=com.dolap.android, automationName=UiAutomator1, deviceName=S7, fullReset=false, noReset=true, platformVersion=8.0}, deviceId=192.168.1.21:5555, deviceManufacturer=samsung, deviceModel=SM-G930F, deviceName=192.168.1.21:5555, deviceScreenSize=1440x2560, deviceUDID=192.168.1.21:5555, fullReset=false, javascriptEnabled=true, locationContextEnabled=false, networkConnectionEnabled=true, noReset=true, platform=LINUX, platformName=ANDROID, platformVersion=8.0.0, takesScreenshot=true, warnings={}, webStorageEnabled=false}] -> id: com.dolap.android:id/textViewSearchBar] (tried for 20 second(s) with 500 milliseconds interval)
Build info: version: '3.141.59', revision: 'e82be7d358', time: '2018-11-14T08:17:03'
System info: host: 'caglas-MBP.home', ip: 'fe80:0:0:0:186d:8406:9d4:6de1%en0', os.name: 'Mac OS X', os.arch: 'x86_64', os.version: '11.6', java.version: '17'
Driver info: io.appium.java_client.android.AndroidDriver
Capabilities {appActivity: com.dolap.android.init.ui.S..., appPackage: com.dolap.android, automationName: UiAutomator1, browserName: , databaseEnabled: false, desired: {appActivity: com.dolap.android.init.ui.S..., appPackage: com.dolap.android, automationName: UiAutomator1, browserName: , deviceId: 192.168.1.21:5555, deviceName: S7, fullReset: false, noReset: true, platformName: android, platformVersion: 8.0}, deviceId: 192.168.1.21:5555, deviceManufacturer: samsung, deviceModel: SM-G930F, deviceName: 192.168.1.21:5555, deviceScreenSize: 1440x2560, deviceUDID: 192.168.1.21:5555, fullReset: false, javascriptEnabled: true, locationContextEnabled: false, networkConnectionEnabled: true, noReset: true, platform: LINUX, platformName: ANDROID, platformVersion: 8.0.0, takesScreenshot: true, warnings: {}, webStorageEnabled: false}
Session ID: e7ce7a45-ae30-4e78-8dff-753a49c00299
at org.openqa.selenium.support.ui.WebDriverWait.timeoutException(WebDriverWait.java:95)
at org.openqa.selenium.support.ui.FluentWait.until(FluentWait.java:272)
at dolap.TestDolap.wait20Seconds(TestDolap.java:180)
at dolap.TestDolap.doProductJobs(TestDolap.java:89)
at dolap.TestDolap.testBasicNoTitle(TestDolap.java:80)
at java.base/jdk.internal.reflect.NativeMethodAccessorImpl.invoke0(Native Method)
at java.base/jdk.internal.reflect.NativeMethodAccessorImpl.invoke(NativeMethodAccessorImpl.java:77)
at java.base/jdk.internal.reflect.DelegatingMethodAccessorImpl.invoke(DelegatingMethodAccessorImpl.java:43)
at java.base/java.lang.reflect.Method.invoke(Method.java:568)
at org.testng.internal.MethodInvocationHelper.invokeMethod(MethodInvocationHelper.java:133)
at org.testng.internal.TestInvoker.invokeMethod(TestInvoker.java:598)
at org.testng.internal.TestInvoker.invokeTestMethod(TestInvoker.java:173)
at org.testng.internal.MethodRunner.runInSequence(MethodRunner.java:46)
at org.testng.internal.TestInvoker$MethodInvocationAgent.invoke(TestInvoker.java:824)
at org.testng.internal.TestInvoker.invokeTestMethods(TestInvoker.java:146)
at org.testng.internal.TestMethodWorker.invokeTestMethods(TestMethodWorker.java:146)
at org.testng.internal.TestMethodWorker.run(TestMethodWorker.java:128)
at java.base/java.util.ArrayList.forEach(ArrayList.java:1511)
at org.testng.TestRunner.privateRun(TestRunner.java:794)
at org.testng.TestRunner.run(TestRunner.java:596)
at org.testng.SuiteRunner.runTest(SuiteRunner.java:377)
at org.testng.SuiteRunner.runSequentially(SuiteRunner.java:371)
at org.testng.SuiteRunner.privateRun(SuiteRunner.java:332)
at org.testng.SuiteRunner.run(SuiteRunner.java:276)
at org.testng.SuiteRunnerWorker.runSuite(SuiteRunnerWorker.java:53)
at org.testng.SuiteRunnerWorker.run(SuiteRunnerWorker.java:96)
at org.testng.TestNG.runSuitesSequentially(TestNG.java:1212)
at org.testng.TestNG.runSuitesLocally(TestNG.java:1134)
at org.testng.TestNG.runSuites(TestNG.java:1063)
at org.testng.TestNG.run(TestNG.java:1031)
at org.testng.remote.AbstractRemoteTestNG.run(AbstractRemoteTestNG.java:115)
at org.testng.remote.RemoteTestNG.initAndRun(RemoteTestNG.java:251)
at org.testng.remote.RemoteTestNG.main(RemoteTestNG.java:77)
]]>
    </error>
  </testcase> <!-- testBasicNoTitle -->
  <system-out/>
</testsuite> <!-- dolap.TestDolap -->
