<?xml version="1.0" encoding="UTF-8"?>
<!-- Generated by org.testng.reporters.JUnitReportReporter -->
<testsuite hostname="caglas-MBP.home" failures="0" tests="1" name="dolap.TestDolap" time="1914.484" errors="0" timestamp="2022-03-29T22:02:48 TRT" skipped="0">
  <testcase classname="dolap.TestDolap" name="testBasicNoTitle" time="1914.484"/>
  <system-out/>
</testsuite> <!-- dolap.TestDolap -->
