<?xml version="1.0" encoding="UTF-8"?>
<!-- Generated by org.testng.reporters.JUnitReportReporter -->
<testsuite hostname="caglas-MBP.home" failures="0" tests="1" name="dolap.TestFavoriSil" time="3768.307" errors="0" timestamp="2022-03-28T21:30:45 TRT" skipped="0">
  <testcase classname="dolap.TestFavoriSil" name="testBasicNoTitle" time="3768.307"/>
  <system-out/>
</testsuite> <!-- dolap.TestFavoriSil -->
