<?xml version="1.0" encoding="UTF-8"?>
<!-- Generated by org.testng.reporters.JUnitReportReporter -->
<testsuite hostname="caglas-MBP.home" failures="0" tests="1" name="dolap.AppTest" time="923.342" errors="0" timestamp="2021-11-02T21:21:00 TRT" skipped="0">
  <testcase classname="dolap.AppTest" name="testBasicNoTitle" time="923.342"/>
  <system-out/>
</testsuite> <!-- dolap.AppTest -->
