<?xml version="1.0" encoding="UTF-8"?>
<!-- Generated by org.testng.reporters.JUnitReportReporter -->
<testsuite hostname="caglas-MacBook-Pro.local" failures="0" tests="2" name="dolap.TestCokutanFavoriSil" time="28.607" errors="1" timestamp="2022-03-28T14:52:44 TRT" skipped="1">
  <testcase classname="dolap.TestCokutanFavoriSil" name="setupAppium" time="28.607">
    <error message="Could not start a new session. Response code 500. Message: An unknown server-side error occurred while processing the command. Original error: Cannot start the &#039;com.dolap.android&#039; application. Visit https://github.com/appium/appium/blob/master/docs/en/writing-running-appium/android/activity-startup.md for troubleshooting. Original error: Error executing adbExec. Original error: &#039;Command &#039;/Users/cokutan/Documents/cmdline-tools/platform-tools/adb -P 5037 -s 192.168.1.21\:5555 shell am start -W -n com.dolap.android/com.dolap.android.init.ui.SplashActivity -S -a android.intent.action.MAIN -c android.intent.category.LAUNCHER -f 0x10200000&#039; timed out after 20000ms&#039;. Try to increase the 20000ms adb execution timeout represented by &#039;adbExecTimeout&#039; capability
Build info: version: &#039;4.1.2&#039;, revision: &#039;9a5a329c5a&#039;
System info: host: &#039;caglas-MacBook-Pro.local&#039;, ip: &#039;fe80:0:0:0:1485:2a9f:9683:7424%en0&#039;, os.name: &#039;Mac OS X&#039;, os.arch: &#039;x86_64&#039;, os.version: &#039;12.2.1&#039;, java.version: &#039;17&#039;
Driver info: io.appium.java_client.android.AndroidDriver
Command: [null, newSession {capabilities=[{appium:appActivity=com.dolap.android.init.ui.SplashActivity, appium:appPackage=com.dolap.android, appium:automationName=UiAutomator1, browserName=, appium:deviceId=192.168.1.21:5555, appium:deviceName=S7, appium:fullReset=false, appium:noReset=true, platformName=ANDROID, appium:platformVersion=8.0, appium:resetKeyboard=true, appium:unicodeKeyboard=true}], desiredCapabilities=Capabilities {appActivity: com.dolap.android.init.ui.S..., appPackage: com.dolap.android, automationName: UiAutomator1, browserName: , deviceId: 192.168.1.21:5555, deviceName: S7, fullReset: false, noReset: true, platformName: ANDROID, platformVersion: 8.0, resetKeyboard: true, unicodeKeyboard: true}}]
Capabilities {}" type="org.openqa.selenium.SessionNotCreatedException">
      <![CDATA[org.openqa.selenium.SessionNotCreatedException: Could not start a new session. Response code 500. Message: An unknown server-side error occurred while processing the command. Original error: Cannot start the 'com.dolap.android' application. Visit https://github.com/appium/appium/blob/master/docs/en/writing-running-appium/android/activity-startup.md for troubleshooting. Original error: Error executing adbExec. Original error: 'Command '/Users/cokutan/Documents/cmdline-tools/platform-tools/adb -P 5037 -s 192.168.1.21\:5555 shell am start -W -n com.dolap.android/com.dolap.android.init.ui.SplashActivity -S -a android.intent.action.MAIN -c android.intent.category.LAUNCHER -f 0x10200000' timed out after 20000ms'. Try to increase the 20000ms adb execution timeout represented by 'adbExecTimeout' capability
Build info: version: '4.1.2', revision: '9a5a329c5a'
System info: host: 'caglas-MacBook-Pro.local', ip: 'fe80:0:0:0:1485:2a9f:9683:7424%en0', os.name: 'Mac OS X', os.arch: 'x86_64', os.version: '12.2.1', java.version: '17'
Driver info: io.appium.java_client.android.AndroidDriver
Command: [null, newSession {capabilities=[{appium:appActivity=com.dolap.android.init.ui.SplashActivity, appium:appPackage=com.dolap.android, appium:automationName=UiAutomator1, browserName=, appium:deviceId=192.168.1.21:5555, appium:deviceName=S7, appium:fullReset=false, appium:noReset=true, platformName=ANDROID, appium:platformVersion=8.0, appium:resetKeyboard=true, appium:unicodeKeyboard=true}], desiredCapabilities=Capabilities {appActivity: com.dolap.android.init.ui.S..., appPackage: com.dolap.android, automationName: UiAutomator1, browserName: , deviceId: 192.168.1.21:5555, deviceName: S7, fullReset: false, noReset: true, platformName: ANDROID, platformVersion: 8.0, resetKeyboard: true, unicodeKeyboard: true}}]
Capabilities {}
at org.openqa.selenium.remote.ProtocolHandshake.createSession(ProtocolHandshake.java:126)
at java.base/jdk.internal.reflect.NativeMethodAccessorImpl.invoke0(Native Method)
at java.base/jdk.internal.reflect.NativeMethodAccessorImpl.invoke(NativeMethodAccessorImpl.java:77)
at java.base/jdk.internal.reflect.DelegatingMethodAccessorImpl.invoke(DelegatingMethodAccessorImpl.java:43)
at java.base/java.lang.reflect.Method.invoke(Method.java:568)
at io.appium.java_client.remote.AppiumProtocolHandshake.createSession(AppiumProtocolHandshake.java:126)
at io.appium.java_client.remote.AppiumProtocolHandshake.createSession(AppiumProtocolHandshake.java:102)
at io.appium.java_client.remote.AppiumCommandExecutor.createSession(AppiumCommandExecutor.java:146)
at io.appium.java_client.remote.AppiumCommandExecutor.execute(AppiumCommandExecutor.java:180)
at org.openqa.selenium.remote.RemoteWebDriver.execute(RemoteWebDriver.java:558)
at io.appium.java_client.AppiumDriver.startSession(AppiumDriver.java:225)
at org.openqa.selenium.remote.RemoteWebDriver.<init>(RemoteWebDriver.java:161)
at io.appium.java_client.AppiumDriver.<init>(AppiumDriver.java:79)
at io.appium.java_client.AppiumDriver.<init>(AppiumDriver.java:87)
at io.appium.java_client.android.AndroidDriver.<init>(AndroidDriver.java:116)
at dolap.TestCokutanFavoriSil.setupAppium(TestCokutanFavoriSil.java:62)
at java.base/jdk.internal.reflect.NativeMethodAccessorImpl.invoke0(Native Method)
at java.base/jdk.internal.reflect.NativeMethodAccessorImpl.invoke(NativeMethodAccessorImpl.java:77)
at java.base/jdk.internal.reflect.DelegatingMethodAccessorImpl.invoke(DelegatingMethodAccessorImpl.java:43)
at java.base/java.lang.reflect.Method.invoke(Method.java:568)
at org.testng.internal.MethodInvocationHelper.invokeMethod(MethodInvocationHelper.java:133)
at org.testng.internal.MethodInvocationHelper.invokeMethodConsideringTimeout(MethodInvocationHelper.java:62)
at org.testng.internal.ConfigInvoker.invokeConfigurationMethod(ConfigInvoker.java:385)
at org.testng.internal.ConfigInvoker.invokeConfigurations(ConfigInvoker.java:321)
at org.testng.SuiteRunner.privateRun(SuiteRunner.java:317)
at org.testng.SuiteRunner.run(SuiteRunner.java:276)
at org.testng.SuiteRunnerWorker.runSuite(SuiteRunnerWorker.java:53)
at org.testng.SuiteRunnerWorker.run(SuiteRunnerWorker.java:96)
at org.testng.TestNG.runSuitesSequentially(TestNG.java:1212)
at org.testng.TestNG.runSuitesLocally(TestNG.java:1134)
at org.testng.TestNG.runSuites(TestNG.java:1063)
at org.testng.TestNG.run(TestNG.java:1031)
at org.testng.remote.AbstractRemoteTestNG.run(AbstractRemoteTestNG.java:115)
at org.testng.remote.RemoteTestNG.initAndRun(RemoteTestNG.java:251)
at org.testng.remote.RemoteTestNG.main(RemoteTestNG.java:77)
]]>
    </error>
  </testcase> <!-- setupAppium -->
  <system-out/>
  <testcase classname="dolap.TestCokutanFavoriSil" name="testBasicNoTitle" time="0.000">
    <skipped/>
  </testcase> <!-- testBasicNoTitle -->
  <system-out/>
</testsuite> <!-- dolap.TestCokutanFavoriSil -->
